<?xml version="1.0" encoding="UTF-8"?>
<testsuite name="com.expediagroup.api.kotlin.classes.DateTest" tests="5" skipped="0" failures="0" errors="0" timestamp="2020-07-02T12:35:19" hostname="CHIC02Z41DALVCH" time="0.004">
  <properties/>
  <testcase name="testToString()" classname="com.expediagroup.api.kotlin.classes.DateTest" time="0.0"/>
  <testcase name="copy()" classname="com.expediagroup.api.kotlin.classes.DateTest" time="0.001"/>
  <testcase name="testHashCode()" classname="com.expediagroup.api.kotlin.classes.DateTest" time="0.001"/>
  <testcase name="testEquals()" classname="com.expediagroup.api.kotlin.classes.DateTest" time="0.0"/>
  <testcase name="isValid()" classname="com.expediagroup.api.kotlin.classes.DateTest" time="0.001"/>
  <system-out><![CDATA[]]></system-out>
  <system-err><![CDATA[]]></system-err>
</testsuite>
