<?xml version="1.0" encoding="UTF-8"?>
<testsuite name="com.expediagroup.api.kotlin.CollectionsTest" tests="4" skipped="0" failures="0" errors="0" timestamp="2020-07-02T12:35:19" hostname="CHIC02Z41DALVCH" time="0.036">
  <properties/>
  <testcase name="listOperators$kotlin_examples()" classname="com.expediagroup.api.kotlin.CollectionsTest" time="0.024"/>
  <testcase name="mapOperations()" classname="com.expediagroup.api.kotlin.CollectionsTest" time="0.003"/>
  <testcase name="mutableCollection$kotlin_examples()" classname="com.expediagroup.api.kotlin.CollectionsTest" time="0.006"/>
  <testcase name="listFilter$kotlin_examples()" classname="com.expediagroup.api.kotlin.CollectionsTest" time="0.001"/>
  <system-out><![CDATA[]]></system-out>
  <system-err><![CDATA[]]></system-err>
</testsuite>
